<?xml version="1.0" encoding="UTF-8"?>
<!-- Generated by org.testng.reporters.JUnitReportReporter -->
<testsuite hostname="Alex-PC" name="com.my.first.FirstTest" tests="1" failures="0" timestamp="18 Oct 2016 17:43:05 GMT" time="2.069" errors="0">
  <testcase name="testOne" time="2.069" classname="com.my.first.FirstTest"/>
</testsuite> <!-- com.my.first.FirstTest -->
