<?xml version="1.0" encoding="UTF-8"?>
<!-- Generated by org.testng.reporters.JUnitReportReporter -->
<testsuite hostname="Alex-PC" name="com.my.first.FirstTest" tests="1" failures="0" timestamp="19 Oct 2016 14:12:29 GMT" time="3.977" errors="0">
  <testcase name="testOne" time="3.977" classname="com.my.first.FirstTest"/>
</testsuite> <!-- com.my.first.FirstTest -->
